<?xml version="1.0" encoding="utf-8"?><testsuites name="pytest tests"><testsuite name="pytest" errors="0" failures="0" skipped="0" tests="23" time="7.945" timestamp="2026-07-03T19:09:46.013955+00:00" hostname="agent-env-e08f9723-c1d3-4108-8ef5-3b7c09a30b45"><testcase classname="tests.backend_test" name="test_get_packages" time="0.223" /><testcase classname="tests.backend_test" name="test_create_booking" time="0.051" /><testcase classname="tests.backend_test" name="test_create_contact" time="0.052" /><testcase classname="tests.backend_test" name="test_login_ryan" time="0.276" /><testcase classname="tests.backend_test" name="test_login_ben" time="0.270" /><testcase classname="tests.backend_test" name="test_login_bad_password" time="0.271" /><testcase classname="tests.backend_test" name="test_admin_requires_auth[/admin/summary]" time="0.098" /><testcase classname="tests.backend_test" name="test_admin_requires_auth[/admin/bookings]" time="0.107" /><testcase classname="tests.backend_test" name="test_admin_requires_auth[/admin/purchases]" time="0.101" /><testcase classname="tests.backend_test" name="test_admin_requires_auth[/admin/contacts]" time="0.095" /><testcase classname="tests.backend_test" name="test_admin_with_token[/admin/summary]" time="0.373" /><testcase classname="tests.backend_test" name="test_admin_with_token[/admin/bookings]" time="0.099" /><testcase classname="tests.backend_test" name="test_admin_with_token[/admin/purchases]" time="0.108" /><testcase classname="tests.backend_test" name="test_admin_with_token[/admin/contacts]" time="0.100" /><testcase classname="tests.backend_test" name="test_checkout_valid" time="1.125" /><testcase classname="tests.backend_test" name="test_checkout_with_monthly" time="0.470" /><testcase classname="tests.backend_test" name="test_checkout_invalid_package" time="0.050" /><testcase classname="tests.backend_test" name="test_checkout_amount_and_photo_refresh[starter-False-300.0-False]" time="0.615" /><testcase classname="tests.backend_test" name="test_checkout_amount_and_photo_refresh[starter-True-320.0-False]" time="0.503" /><testcase classname="tests.backend_test" name="test_checkout_amount_and_photo_refresh[professional-False-500.0-False]" time="0.750" /><testcase classname="tests.backend_test" name="test_checkout_amount_and_photo_refresh[professional-True-520.0-True]" time="0.536" /><testcase classname="tests.backend_test" name="test_checkout_amount_and_photo_refresh[premium-False-750.0-False]" time="0.581" /><testcase classname="tests.backend_test" name="test_checkout_amount_and_photo_refresh[premium-True-770.0-True]" time="0.578" /></testsuite></testsuites>