<?xml version="1.0" encoding="utf-8"?><testsuites name="pytest tests"><testsuite name="pytest" errors="0" failures="0" skipped="0" tests="17" time="3.895" timestamp="2026-07-03T17:57:59.930798+00:00" hostname="agent-env-e08f9723-c1d3-4108-8ef5-3b7c09a30b45"><testcase classname="tests.backend_test" name="test_get_packages" time="0.165" /><testcase classname="tests.backend_test" name="test_create_booking" time="0.044" /><testcase classname="tests.backend_test" name="test_create_contact" time="0.054" /><testcase classname="tests.backend_test" name="test_login_ryan" time="0.270" /><testcase classname="tests.backend_test" name="test_login_ben" time="0.268" /><testcase classname="tests.backend_test" name="test_login_bad_password" time="0.264" /><testcase classname="tests.backend_test" name="test_admin_requires_auth[/admin/summary]" time="0.090" /><testcase classname="tests.backend_test" name="test_admin_requires_auth[/admin/bookings]" time="0.105" /><testcase classname="tests.backend_test" name="test_admin_requires_auth[/admin/purchases]" time="0.141" /><testcase classname="tests.backend_test" name="test_admin_requires_auth[/admin/contacts]" time="0.098" /><testcase classname="tests.backend_test" name="test_admin_with_token[/admin/summary]" time="0.413" /><testcase classname="tests.backend_test" name="test_admin_with_token[/admin/bookings]" time="0.115" /><testcase classname="tests.backend_test" name="test_admin_with_token[/admin/purchases]" time="0.111" /><testcase classname="tests.backend_test" name="test_admin_with_token[/admin/contacts]" time="0.098" /><testcase classname="tests.backend_test" name="test_checkout_valid" time="1.033" /><testcase classname="tests.backend_test" name="test_checkout_invalid_package" time="0.040" /><testcase classname="tests.backend_test" name="test_checkout_bad_maintenance" time="0.082" /></testsuite></testsuites>