<?xml version="1.0" encoding="utf-8"?><testsuites name="pytest tests"><testsuite name="pytest" errors="0" failures="0" skipped="0" tests="17" time="3.647" timestamp="2026-07-03T18:48:09.298406+00:00" hostname="agent-env-e08f9723-c1d3-4108-8ef5-3b7c09a30b45"><testcase classname="tests.backend_test" name="test_get_packages" time="0.179" /><testcase classname="tests.backend_test" name="test_create_booking" time="0.047" /><testcase classname="tests.backend_test" name="test_create_contact" time="0.047" /><testcase classname="tests.backend_test" name="test_login_ryan" time="0.272" /><testcase classname="tests.backend_test" name="test_login_ben" time="0.268" /><testcase classname="tests.backend_test" name="test_login_bad_password" time="0.275" /><testcase classname="tests.backend_test" name="test_admin_requires_auth[/admin/summary]" time="0.102" /><testcase classname="tests.backend_test" name="test_admin_requires_auth[/admin/bookings]" time="0.129" /><testcase classname="tests.backend_test" name="test_admin_requires_auth[/admin/purchases]" time="0.096" /><testcase classname="tests.backend_test" name="test_admin_requires_auth[/admin/contacts]" time="0.137" /><testcase classname="tests.backend_test" name="test_admin_with_token[/admin/summary]" time="0.382" /><testcase classname="tests.backend_test" name="test_admin_with_token[/admin/bookings]" time="0.102" /><testcase classname="tests.backend_test" name="test_admin_with_token[/admin/purchases]" time="0.101" /><testcase classname="tests.backend_test" name="test_admin_with_token[/admin/contacts]" time="0.093" /><testcase classname="tests.backend_test" name="test_checkout_valid" time="0.773" /><testcase classname="tests.backend_test" name="test_checkout_invalid_package" time="0.044" /><testcase classname="tests.backend_test" name="test_checkout_bad_maintenance" time="0.092" /></testsuite></testsuites>