<?xml version="1.0" encoding="utf-8"?><testsuites name="pytest tests"><testsuite name="pytest" errors="0" failures="0" skipped="0" tests="23" time="8.232" timestamp="2026-07-03T19:00:19.172952+00:00" hostname="agent-env-e08f9723-c1d3-4108-8ef5-3b7c09a30b45"><testcase classname="tests.backend_test" name="test_get_packages" time="0.184" /><testcase classname="tests.backend_test" name="test_create_booking" time="0.055" /><testcase classname="tests.backend_test" name="test_create_contact" time="0.058" /><testcase classname="tests.backend_test" name="test_login_ryan" time="0.279" /><testcase classname="tests.backend_test" name="test_login_ben" time="0.285" /><testcase classname="tests.backend_test" name="test_login_bad_password" time="0.277" /><testcase classname="tests.backend_test" name="test_admin_requires_auth[/admin/summary]" time="0.102" /><testcase classname="tests.backend_test" name="test_admin_requires_auth[/admin/bookings]" time="0.108" /><testcase classname="tests.backend_test" name="test_admin_requires_auth[/admin/purchases]" time="0.099" /><testcase classname="tests.backend_test" name="test_admin_requires_auth[/admin/contacts]" time="0.101" /><testcase classname="tests.backend_test" name="test_admin_with_token[/admin/summary]" time="0.381" /><testcase classname="tests.backend_test" name="test_admin_with_token[/admin/bookings]" time="0.103" /><testcase classname="tests.backend_test" name="test_admin_with_token[/admin/purchases]" time="0.114" /><testcase classname="tests.backend_test" name="test_admin_with_token[/admin/contacts]" time="0.099" /><testcase classname="tests.backend_test" name="test_checkout_valid" time="0.915" /><testcase classname="tests.backend_test" name="test_checkout_with_monthly" time="0.480" /><testcase classname="tests.backend_test" name="test_checkout_invalid_package" time="0.054" /><testcase classname="tests.backend_test" name="test_checkout_amount_and_photo_refresh[starter-False-300.0-False]" time="0.527" /><testcase classname="tests.backend_test" name="test_checkout_amount_and_photo_refresh[starter-True-320.0-False]" time="0.496" /><testcase classname="tests.backend_test" name="test_checkout_amount_and_photo_refresh[professional-False-500.0-False]" time="0.665" /><testcase classname="tests.backend_test" name="test_checkout_amount_and_photo_refresh[professional-True-520.0-True]" time="0.533" /><testcase classname="tests.backend_test" name="test_checkout_amount_and_photo_refresh[premium-False-750.0-False]" time="1.042" /><testcase classname="tests.backend_test" name="test_checkout_amount_and_photo_refresh[premium-True-770.0-True]" time="0.789" /></testsuite></testsuites>